// 重构日志: ffdf7229
// 重构日志: e8d82d7a
// 重构日志: cb9e6fe4
// 同步 ID: 4ef45992 @ Sun May 24 12:12:08 UTC 2026
// 重构日志: dc12fe5e
// 重构日志: a5772526
// 同步 ID: 21ce15aa @ Tue May 26 01:02:20 UTC 2026
// 重构日志: f0c75982
// 重构日志: b198ef17
// 重构日志: f99e5250
// 同步 ID: 99087313 @ Thu May 28 12:38:55 UTC 2026
// 重构日志: fc8b6614
// 重构日志: b86528f1
// 重构日志: 4374dfc9
// 同步 ID: 0334be13 @ Sat May 30 11:03:00 UTC 2026
// 重构日志: 27221afa
// 重构日志: a27b144a
// 同步 ID: a52663d7 @ Mon Jun  1 00:26:50 UTC 2026
// 重构日志: 783b17a1
// 同步 ID: 2cd93d60 @ Thu Jun  4 09:43:10 UTC 2026
// 重构日志: e8823bd3
// 重构日志: 9f336e21
// 重构日志: 4b360325
// 重构日志: f076e0bc
// 重构日志: 44815d9e
// 同步 ID: bb4018d7 @ Sun Jun  7 05:45:50 UTC 2026
// 重构日志: 51224f87
// 同步 ID: 8e924cbe @ Mon Jun  8 11:30:23 UTC 2026
// 重构日志: d1fc6900
// 同步 ID: 791b529f @ Mon Jun  8 22:10:46 UTC 2026
// 重构日志: dcae867b
// 重构日志: ce41ea26
